<?xml version="1.0" encoding="UTF-8"?>
<!-- Generated by org.testng.reporters.JUnitReportReporter -->
<testsuite hostname="nicks-air.lan" failures="0" tests="1" name="javaauto.Tests" time="0.009" errors="0" timestamp="23 Sep 2021 00:16:35 GMT">
  <testcase classname="javaauto.Tests" name="test" time="0.009"/>
</testsuite> <!-- javaauto.Tests -->
